#
# There is insufficient memory for the Java Runtime Environment to continue.
# Native memory allocation (malloc) failed to allocate 1048576 bytes for AllocateHeap
# Possible reasons:
#   The system is out of physical RAM or swap space
#   The process is running with CompressedOops enabled, and the Java Heap may be blocking the growth of the native heap
# Possible solutions:
#   Reduce memory load on the system
#   Increase physical memory or swap space
#   Check if swap backing store is full
#   Decrease Java heap size (-Xmx/-Xms)
#   Decrease number of Java threads
#   Decrease Java thread stack sizes (-Xss)
#   Set larger code cache with -XX:ReservedCodeCacheSize=
#   JVM is running with Zero Based Compressed Oops mode in which the Java heap is
#     placed in the first 32GB address space. The Java Heap base address is the
#     maximum limit for the native heap growth. Please use -XX:HeapBaseMinAddress
#     to set the Java Heap base and to place the Java Heap above 32GB virtual address.
# This output file may be truncated or incomplete.
#
#  Out of Memory Error (allocation.cpp:44), pid=20064, tid=19804
#
# JRE version:  (17.0.5+9) (build )
# Java VM: Java HotSpot(TM) 64-Bit Server VM (17.0.5+9-LTS-191, mixed mode, sharing, tiered, compressed oops, compressed class ptrs, g1 gc, windows-amd64)
# No core dump will be written. Minidumps are not enabled by default on client versions of Windows
#

---------------  S U M M A R Y ------------

Command Line: -Dfile.encoding=UTF-8 -XX:+ShowCodeDetailsInExceptionMessages patikaStore.Main

Host: 11th Gen Intel(R) Core(TM) i7-1165G7 @ 2.80GHz, 8 cores, 15G,  Windows 11 , 64 bit Build 22621 (10.0.22621.1105)
Time: Mon Jan 23 20:29:42 2023 Türkiye Standart Saati elapsed time: 0.014087 seconds (0d 0h 0m 0s)

---------------  T H R E A D  ---------------

Current thread (0x000001fa90628810):  JavaThread "Unknown thread" [_thread_in_vm, id=19804, stack(0x0000005336500000,0x0000005336600000)]

Stack: [0x0000005336500000,0x0000005336600000]
Native frames: (J=compiled Java code, j=interpreted, Vv=VM code, C=native code)
V  [jvm.dll+0x672eea]
V  [jvm.dll+0x7d2a04]
V  [jvm.dll+0x7d41ae]
V  [jvm.dll+0x7d4813]
V  [jvm.dll+0x242c15]
V  [jvm.dll+0xa4b93]
V  [jvm.dll+0x2e1127]
V  [jvm.dll+0x2d8feb]
V  [jvm.dll+0x7a44e1]
V  [jvm.dll+0x365df1]
V  [jvm.dll+0x7838fc]
V  [jvm.dll+0x3e873f]
V  [jvm.dll+0x3ea1e1]
C  [jli.dll+0x527b]
C  [ucrtbase.dll+0x29363]
C  [KERNEL32.DLL+0x126bd]
C  [ntdll.dll+0x5dfb8]


---------------  P R O C E S S  ---------------

Threads class SMR info:
_java_thread_list=0x00007ffce199a8d8, length=0, elements={
}

Java Threads: ( => current thread )

Other Threads:
  0x000001fa90692d40 GCTaskThread "GC Thread#0" [stack: 0x0000005336600000,0x0000005336700000] [id=20496]

[error occurred during error reporting (printing all threads), id 0xc0000005, EXCEPTION_ACCESS_VIOLATION (0xc0000005) at pc=0x00007ffce11e6070]

VM state: not at safepoint (not fully initialized)

VM Mutex/Monitor currently owned by a thread:  ([mutex/lock_event])
[0x000001fa90625250] Heap_lock - owner thread: 0x000001fa90628810

Heap address: 0x0000000703200000, size: 4046 MB, Compressed Oops mode: Zero based, Oop shift amount: 3

CDS archive(s) mapped at: [0x0000000000000000-0x0000000000000000-0x0000000000000000), size 0, SharedBaseAddress: 0x0000000800000000, ArchiveRelocationMode: 0.
Narrow klass base: 0x0000000000000000, Narrow klass shift: 0, Narrow klass range: 0x0

GC Precious Log:
<Empty>

Heap:
 garbage-first heap   total 0K, used 0K [0x0000000703200000, 0x0000000800000000)
  region size 2048K, 0 young (0K), 0 survivors (0K)

[error occurred during error reporting (printing heap information), id 0xc0000005, EXCEPTION_ACCESS_VIOLATION (0xc0000005) at pc=0x00007ffce15cc399]

GC Heap History (0 events):
No events

Deoptimization events (0 events):
No events

Classes unloaded (0 events):
No events

Classes redefined (0 events):
No events

Internal exceptions (0 events):
No events

VM Operations (0 events):
No events

Events (1 events):
Event: 0.007 Loaded shared library C:\Program Files\Java\jdk-17.0.5\bin\java.dll


Dynamic libraries:
0x00007ff684180000 - 0x00007ff684190000 	C:\Program Files\Java\jdk-17.0.5\bin\javaw.exe
0x00007ffd7d490000 - 0x00007ffd7d6a4000 	C:\WINDOWS\SYSTEM32\ntdll.dll
0x00007ffd7ba00000 - 0x00007ffd7bac3000 	C:\WINDOWS\System32\KERNEL32.DLL
0x00007ffd7ac80000 - 0x00007ffd7b01d000 	C:\WINDOWS\System32\KERNELBASE.dll
0x00007ffd7ab60000 - 0x00007ffd7ac71000 	C:\WINDOWS\System32\ucrtbase.dll
0x00007ffd5cc20000 - 0x00007ffd5cc3a000 	C:\Program Files\Java\jdk-17.0.5\bin\VCRUNTIME140.dll
0x00007ffd5cb60000 - 0x00007ffd5cb78000 	C:\Program Files\Java\jdk-17.0.5\bin\jli.dll
0x00007ffd7b470000 - 0x00007ffd7b51e000 	C:\WINDOWS\System32\ADVAPI32.dll
0x00007ffd7d270000 - 0x00007ffd7d317000 	C:\WINDOWS\System32\msvcrt.dll
0x00007ffd7bae0000 - 0x00007ffd7bb84000 	C:\WINDOWS\System32\sechost.dll
0x00007ffd7b6f0000 - 0x00007ffd7b805000 	C:\WINDOWS\System32\RPCRT4.dll
0x00007ffd7b280000 - 0x00007ffd7b42d000 	C:\WINDOWS\System32\USER32.dll
0x00007ffd7b020000 - 0x00007ffd7b046000 	C:\WINDOWS\System32\win32u.dll
0x00007ffd6d860000 - 0x00007ffd6daee000 	C:\WINDOWS\WinSxS\amd64_microsoft.windows.common-controls_6595b64144ccf1df_6.0.22621.608_none_a9444ca7c10bb01d\COMCTL32.dll
0x00007ffd7b430000 - 0x00007ffd7b459000 	C:\WINDOWS\System32\GDI32.dll
0x00007ffd7b050000 - 0x00007ffd7b162000 	C:\WINDOWS\System32\gdi32full.dll
0x00007ffd7b170000 - 0x00007ffd7b20a000 	C:\WINDOWS\System32\msvcp_win.dll
0x00007ffd701a0000 - 0x00007ffd701aa000 	C:\WINDOWS\SYSTEM32\VERSION.dll
0x00007ffd7d3a0000 - 0x00007ffd7d3d2000 	C:\WINDOWS\System32\IMM32.DLL
0x00007ffd74590000 - 0x00007ffd7459c000 	C:\Program Files\Java\jdk-17.0.5\bin\vcruntime140_1.dll
0x00007ffd33940000 - 0x00007ffd339cd000 	C:\Program Files\Java\jdk-17.0.5\bin\msvcp140.dll
0x00007ffce0f00000 - 0x00007ffce1ac2000 	C:\Program Files\Java\jdk-17.0.5\bin\server\jvm.dll
0x00007ffd7ca70000 - 0x00007ffd7ca78000 	C:\WINDOWS\System32\PSAPI.DLL
0x00007ffd6b960000 - 0x00007ffd6b969000 	C:\WINDOWS\SYSTEM32\WSOCK32.dll
0x00007ffd78560000 - 0x00007ffd78594000 	C:\WINDOWS\SYSTEM32\WINMM.dll
0x00007ffd7c010000 - 0x00007ffd7c081000 	C:\WINDOWS\System32\WS2_32.dll
0x00007ffd799c0000 - 0x00007ffd799d8000 	C:\WINDOWS\SYSTEM32\kernel.appcore.dll
0x00007ffd6b800000 - 0x00007ffd6b80a000 	C:\Program Files\Java\jdk-17.0.5\bin\jimage.dll
0x00007ffd77f60000 - 0x00007ffd7818e000 	C:\WINDOWS\SYSTEM32\DBGHELP.DLL
0x00007ffd7c6e0000 - 0x00007ffd7ca6a000 	C:\WINDOWS\System32\combase.dll
0x00007ffd7bed0000 - 0x00007ffd7bfa7000 	C:\WINDOWS\System32\OLEAUT32.dll
0x00007ffd6d430000 - 0x00007ffd6d462000 	C:\WINDOWS\SYSTEM32\dbgcore.DLL
0x00007ffd7aa20000 - 0x00007ffd7aa9b000 	C:\WINDOWS\System32\bcryptPrimitives.dll
0x00007ffd3f950000 - 0x00007ffd3f975000 	C:\Program Files\Java\jdk-17.0.5\bin\java.dll

dbghelp: loaded successfully - version: 4.0.5 - missing functions: none
symbol engine: initialized successfully - sym options: 0x614 - pdb path: .;C:\Program Files\Java\jdk-17.0.5\bin;C:\WINDOWS\SYSTEM32;C:\WINDOWS\WinSxS\amd64_microsoft.windows.common-controls_6595b64144ccf1df_6.0.22621.608_none_a9444ca7c10bb01d;C:\Program Files\Java\jdk-17.0.5\bin\server

VM Arguments:
jvm_args: -Dfile.encoding=UTF-8 -XX:+ShowCodeDetailsInExceptionMessages 
java_command: patikaStore.Main
java_class_path (initial): C:\Users\kkes-\Desktop\githubprojects\java-patika-102\Patika-Store\bin
Launcher Type: SUN_STANDARD

[Global flags]
     intx CICompilerCount                          = 4                                         {product} {ergonomic}
     uint ConcGCThreads                            = 2                                         {product} {ergonomic}
     uint G1ConcRefinementThreads                  = 8                                         {product} {ergonomic}
   size_t G1HeapRegionSize                         = 2097152                                   {product} {ergonomic}
    uintx GCDrainStackTargetSize                   = 64                                        {product} {ergonomic}
   size_t InitialHeapSize                          = 266338304                                 {product} {ergonomic}
   size_t MarkStackSize                            = 4194304                                   {product} {ergonomic}
   size_t MaxHeapSize                              = 4242538496                                {product} {ergonomic}
   size_t MinHeapDeltaBytes                        = 2097152                                   {product} {ergonomic}
   size_t MinHeapSize                              = 8388608                                   {product} {ergonomic}
    uintx NonNMethodCodeHeapSize                   = 5839372                                {pd product} {ergonomic}
    uintx NonProfiledCodeHeapSize                  = 122909434                              {pd product} {ergonomic}
    uintx ProfiledCodeHeapSize                     = 122909434                              {pd product} {ergonomic}
    uintx ReservedCodeCacheSize                    = 251658240                              {pd product} {ergonomic}
     bool SegmentedCodeCache                       = true                                      {product} {ergonomic}
     bool ShowCodeDetailsInExceptionMessages       = true                                   {manageable} {command line}
   size_t SoftMaxHeapSize                          = 4242538496                             {manageable} {ergonomic}
     bool UseCompressedClassPointers               = true                           {product lp64_product} {ergonomic}
     bool UseCompressedOops                        = true                           {product lp64_product} {ergonomic}
     bool UseG1GC                                  = true                                      {product} {ergonomic}
     bool UseLargePagesIndividualAllocation        = false                                  {pd product} {ergonomic}

Logging:
Log output configuration:
 #0: stdout all=warning uptime,level,tags
 #1: stderr all=off uptime,level,tags

Environment Variables:
PATH=C:\Program Files\Common Files\Oracle\Java\javapath;C:\Program Files (x86)\Common Files\Oracle\Java\javapath;C:\Windows\System32\HWAudioDriverLibs;C:\Windows\system32;C:\Windows;C:\Windows\System32\Wbem;C:\Windows\System32\WindowsPowerShell\v1.0\;C:\Windows\System32\OpenSSH\;C:\Users\Administrator\AppData\Local\Microsoft\WindowsApps;C:\Program Files (x86)\dotnet\;C:\WINDOWS\system32;C:\WINDOWS;C:\WINDOWS\System32\Wbem;C:\WINDOWS\System32\WindowsPowerShell\v1.0\;C:\WINDOWS\System32\OpenSSH\;D:\Programs\Git\cmd;C:\Users\kkes-\AppData\Local\Microsoft\WindowsApps;C:\Users\kkes-\AppData\Local\Programs\Microsoft VS Code\bin;C:\Users\kkes-\AppData\Local\GitHubDesktop\bin
USERNAME=kkes-
OS=Windows_NT
PROCESSOR_IDENTIFIER=Intel64 Family 6 Model 140 Stepping 1, GenuineIntel



---------------  S Y S T E M  ---------------

OS:
 Windows 11 , 64 bit Build 22621 (10.0.22621.1105)
OS uptime: 0 days 21:35 hours
Hyper-V role detected

CPU: total 8 (initial active 8) (4 cores per cpu, 2 threads per core) family 6 model 140 stepping 1 microcode 0x8a, cx8, cmov, fxsr, ht, mmx, 3dnowpref, sse, sse2, sse3, ssse3, sse4.1, sse4.2, popcnt, lzcnt, tsc, tscinvbit, avx, avx2, aes, erms, clmul, bmi1, bmi2, adx, avx512f, avx512dq, avx512cd, avx512bw, avx512vl, sha, fma, vzeroupper, avx512_vpopcntdq, avx512_vpclmulqdq, avx512_vaes, avx512_vnni, clflush, clflushopt, clwb, avx512_vbmi2, avx512_vbmi, hv

Memory: 4k page, system-wide physical 16183M (9094M free)
TotalPageFile size 31543M (AvailPageFile size 5M)
current process WorkingSet (physical memory assigned to process): 11M, peak: 11M
current process commit charge ("private bytes"): 58M, peak: 59M

vm_info: Java HotSpot(TM) 64-Bit Server VM (17.0.5+9-LTS-191) for windows-amd64 JRE (17.0.5+9-LTS-191), built on Sep 13 2022 17:31:43 by "mach5one" with MS VC++ 16.8 / 16.9 (VS2019)

END.
